<?xml version="1.0" encoding="UTF-8"?>
<robot generator="Robot 3.2.2 (Python 3.8.5 on linux)" generated="20210407 10:24:43.841" rpa="false">
<suite id="s1" name="Shopping Cart" source="/home/sumit/eclipse-workspace/Shopping_Cart">
<suite id="s1-s1" name="Product Search" source="/home/sumit/eclipse-workspace/Shopping_Cart/Product_Search">
<suite id="s1-s1-s1" name="Search and Close" source="/home/sumit/eclipse-workspace/Shopping_Cart/Product_Search/Search_and_Close.robot">
<test id="s1-s1-s1-t1" name="User must sign in to check out">
<kw name="Open Browser" library="SeleniumLibrary">
<doc>Opens a new browser instance to the optional ``url``.</doc>
<arguments>
<arg>https://www.amazon.com</arg>
<arg>ff</arg>
</arguments>
<msg timestamp="20210407 10:24:44.174" level="INFO">Opening browser 'ff' to base url 'https://www.amazon.com'.</msg>
<msg timestamp="20210407 10:24:44.178" level="INFO">Firefox driver log is always forced to to: /home/sumit/eclipse-workspace/Shopping_Cart/geckodriver-2.log</msg>
<status status="PASS" starttime="20210407 10:24:44.173" endtime="20210407 10:25:08.900"></status>
</kw>
<kw name="Close Browser" library="SeleniumLibrary">
<doc>Closes the current browser.</doc>
<status status="PASS" starttime="20210407 10:25:08.901" endtime="20210407 10:25:09.631"></status>
</kw>
<doc>User searches for a product
The search result page should load</doc>
<tags>
<tag>Smoke</tag>
</tags>
<status status="PASS" starttime="20210407 10:24:44.172" endtime="20210407 10:25:09.631" critical="yes"></status>
</test>
<doc>User searches for a product, search result page loads and then browser is closed.</doc>
<status status="PASS" starttime="20210407 10:24:43.906" endtime="20210407 10:25:09.632"></status>
</suite>
<status status="PASS" starttime="20210407 10:24:43.903" endtime="20210407 10:25:09.634"></status>
</suite>
<status status="PASS" starttime="20210407 10:24:43.869" endtime="20210407 10:25:09.636"></status>
</suite>
<statistics>
<total>
<stat pass="1" fail="0">Critical Tests</stat>
<stat pass="1" fail="0">All Tests</stat>
</total>
<tag>
<stat pass="1" fail="0">Smoke</stat>
</tag>
<suite>
<stat pass="1" fail="0" id="s1" name="Shopping Cart">Shopping Cart</stat>
<stat pass="1" fail="0" id="s1-s1" name="Product Search">Shopping Cart.Product Search</stat>
<stat pass="1" fail="0" id="s1-s1-s1" name="Search and Close">Shopping Cart.Product Search.Search and Close</stat>
</suite>
</statistics>
<errors>
</errors>
</robot>
